Start testing: Dec 08 15:43 CET
----------------------------------------------------------
1/1 Testing: Tools.ShearInversions_test
1/1 Test: Tools.ShearInversions_test
Command: "/usr/bin/python" "/opt/euclid/Elements/3.8/InstallArea/x86_64-co7-gcc48-o2g/cmake/scripts/env.py" "--xml" "/home/user/Work/Projects/WL_2D_MASS/1.0/build.x86_64-co7-gcc48-o2g/WL_2D_MASSBuildEnvironment.xml" "ShearInversions_test"
Directory: .
"Tools.ShearInversions_test" start time: Dec 08 15:43 CET
Output:
----------------------------------------------------------
Running 3 test cases...
ENTER gamma2kappa_test
 ENTER read_gamma
  fptr = 0x2233320
  nhdus = 1
  hdunum = 1
  hdutype = 0
  bitpix = -32
  naxis = 3
  Nx = 1024 Ny = 1024 Nz = 2
  sizeof(gammaE) = 8
  fptr = 0x2233320 TFLOAT = 42 fpixel = 0x7fffbf216110 lpixel = 0x7fffbf216130 inc = 0x7fffbf216150 nulval = 0 gammaE = 0x7f5d585e0010 anynul = 0 status = 0
  nb_zeros = 2097152 nb_nonzeros = 0
 EXIT read_gamma
 gammaE = 0x7f5d585e0010
 Nx = 1024 Ny = 1024 Nz = 2
 kappaE = 0x7f5d535db010
EXIT gamma2kappa_test
ENTER gamma2kappaandwritekappa_test
 ENTER read_gamma
  fptr = 0x224c3c0
  nhdus = 1
  hdunum = 1
  hdutype = 0
  bitpix = -32
  naxis = 3
  Nx = 1024 Ny = 1024 Nz = 2
  sizeof(gammaE) = 8
  fptr = 0x224c3c0 TFLOAT = 42 fpixel = 0x7fffbf2160d0 lpixel = 0x7fffbf2160f0 inc = 0x7fffbf216110 nulval = 0 gammaE = 0x2271510 anynul = 0 status = 0
  nb_zeros = 2097152 nb_nonzeros = 0
 EXIT read_gamma
 gammaE = 0x2271510
 Nx = 1024 Ny = 1024 Nz = 2
 kappaE = 0x7271560
 ENTER write_kappa
  ENTER status_is_not_zero
   115 NULL input pointer failed to create new file (already exists?):
  EXIT status_is_not_zero
 EXIT write_kappa
 115 NULL input pointer failed to create new file (already exists?):
EXIT gamma2kappaandwritekappa_test
ENTER gamma2kappa2gamma_test
 ENTER read_gamma
  fptr = 0x2242400
  nhdus = 1
  hdunum = 1
  hdutype = 0
  bitpix = -32
  naxis = 3
  Nx = 1024 Ny = 1024 Nz = 2
  sizeof(gammaE) = 8
  fptr = 0x2242400 TFLOAT = 42 fpixel = 0x7fffbf216100 lpixel = 0x7fffbf216120 inc = 0x7fffbf216140 nulval = 0 gammaE = 0x227d450 anynul = 0 status = 0
  nb_zeros = 2097152 nb_nonzeros = 0
 EXIT read_gamma
 gammaE = 0x227d450
 nb_same = 0 nb_diff = 2097152
EXIT gamma2kappa2gamma_test

*** No errors detected
<end of output>
Test time =   3.13 sec
----------------------------------------------------------
Test Passed.
"Tools.ShearInversions_test" end time: Dec 08 15:44 CET
"Tools.ShearInversions_test" time elapsed: 00:00:03
----------------------------------------------------------

End testing: Dec 08 15:44 CET

Binary =   3.13 sec

Boost =   3.13 sec

Tools =   3.13 sec

UnitTest =   3.13 sec

